0 info it worked if it ends with ok
1 verbose cli [ 'node', '/usr/local/bin/npm', 'i', 'splitter.js' ]
2 info using npm@1.4.28
3 info using node@v0.10.36
4 warn package.json util@0.10.3 util is also the name of a node core module.
5 verbose readDependencies using package.json deps
6 verbose cache add [ 'splitter.js', null ]
7 verbose cache add name=undefined spec="splitter.js" args=["splitter.js",null]
8 verbose parsed url { protocol: null,
8 verbose parsed url   slashes: null,
8 verbose parsed url   auth: null,
8 verbose parsed url   host: null,
8 verbose parsed url   port: null,
8 verbose parsed url   hostname: null,
8 verbose parsed url   hash: null,
8 verbose parsed url   search: null,
8 verbose parsed url   query: null,
8 verbose parsed url   pathname: 'splitter.js',
8 verbose parsed url   path: 'splitter.js',
8 verbose parsed url   href: 'splitter.js' }
9 silly lockFile 8200d3e0-splitter-js splitter.js
10 verbose lock splitter.js /Users/BYCreative001/.npm/8200d3e0-splitter-js.lock
11 silly lockFile 8200d3e0-splitter-js splitter.js
12 silly lockFile 8200d3e0-splitter-js splitter.js
13 verbose addNamed [ 'splitter.js', '' ]
14 verbose addNamed [ null, '*' ]
15 silly lockFile af36f2fe-splitter-js splitter.js@
16 verbose lock splitter.js@ /Users/BYCreative001/.npm/af36f2fe-splitter-js.lock
17 silly addNameRange { name: 'splitter.js', range: '*', hasData: false }
18 verbose request where is /splitter.js
19 verbose request registry https://registry.npmjs.org/
20 verbose request id 0910036eea72bd73
21 verbose url raw /splitter.js
22 verbose url resolving [ 'https://registry.npmjs.org/', './splitter.js' ]
23 verbose url resolved https://registry.npmjs.org/splitter.js
24 verbose request where is https://registry.npmjs.org/splitter.js
25 info trying registry request attempt 1 at 12:51:13
26 http GET https://registry.npmjs.org/splitter.js
27 http 404 https://registry.npmjs.org/splitter.js
28 verbose headers { date: 'Mon, 23 Feb 2015 12:51:15 GMT',
28 verbose headers   server: 'CouchDB/1.6.1 (Erlang OTP/R14B04)',
28 verbose headers   'content-type': 'application/json',
28 verbose headers   'cache-control': 'max-age=0',
28 verbose headers   'content-length': '52',
28 verbose headers   'accept-ranges': 'bytes',
28 verbose headers   via: '1.1 varnish',
28 verbose headers   age: '0',
28 verbose headers   'x-served-by': 'cache-lhr6335-LHR',
28 verbose headers   'x-cache': 'MISS',
28 verbose headers   'x-cache-hits': '0',
28 verbose headers   'x-timer': 'S1424695875.275865,VS0,VE95',
28 verbose headers   'keep-alive': 'timeout=10, max=50',
28 verbose headers   connection: 'Keep-Alive' }
29 silly registry.get cb [ 404,
29 silly registry.get   { date: 'Mon, 23 Feb 2015 12:51:15 GMT',
29 silly registry.get     server: 'CouchDB/1.6.1 (Erlang OTP/R14B04)',
29 silly registry.get     'content-type': 'application/json',
29 silly registry.get     'cache-control': 'max-age=0',
29 silly registry.get     'content-length': '52',
29 silly registry.get     'accept-ranges': 'bytes',
29 silly registry.get     via: '1.1 varnish',
29 silly registry.get     age: '0',
29 silly registry.get     'x-served-by': 'cache-lhr6335-LHR',
29 silly registry.get     'x-cache': 'MISS',
29 silly registry.get     'x-cache-hits': '0',
29 silly registry.get     'x-timer': 'S1424695875.275865,VS0,VE95',
29 silly registry.get     'keep-alive': 'timeout=10, max=50',
29 silly registry.get     connection: 'Keep-Alive' } ]
30 silly lockFile af36f2fe-splitter-js splitter.js@
31 silly lockFile af36f2fe-splitter-js splitter.js@
32 error 404 404 Not Found: splitter.js
32 error 404
32 error 404 'splitter.js' is not in the npm registry.
32 error 404 You should bug the author to publish it
32 error 404 It was specified as a dependency of 'AlexPhotoProject'
32 error 404
32 error 404 Maybe try 'npm search splitter'
32 error 404
32 error 404 Note that you can also install from a
32 error 404 tarball, folder, or http url, or git url.
33 error System Darwin 13.4.0
34 error command "node" "/usr/local/bin/npm" "i" "splitter.js"
35 error cwd /Users/BYCreative001/BYC
36 error node -v v0.10.36
37 error npm -v 1.4.28
38 error code E404
39 verbose exit [ 1, true ]
